c:\users\pierre vix\source\repos\gestion_graphe\gestion_graphe\debug\vc141.pdb
c:\users\pierre vix\source\repos\gestion_graphe\gestion_graphe\debug\vc141.idb
c:\users\pierre vix\source\repos\gestion_graphe\gestion_graphe\debug\testmatriceadjacence.obj
c:\users\pierre vix\source\repos\gestion_graphe\gestion_graphe\debug\testmain.obj
c:\users\pierre vix\source\repos\gestion_graphe\gestion_graphe\debug\testfsaps.obj
c:\users\pierre vix\source\repos\gestion_graphe\gestion_graphe\debug\matriceadjacence.obj
c:\users\pierre vix\source\repos\gestion_graphe\gestion_graphe\debug\fsaps.obj
c:\users\pierre vix\source\repos\capablanca4\gestion_graphe\gestion_graphe\gestion_graphe\debug\vc141.pdb
c:\users\pierre vix\source\repos\capablanca4\gestion_graphe\gestion_graphe\gestion_graphe\debug\vc141.idb
c:\users\pierre vix\source\repos\capablanca4\gestion_graphe\gestion_graphe\gestion_graphe\debug\rang.obj
c:\users\pierre vix\source\repos\capablanca4\gestion_graphe\gestion_graphe\gestion_graphe\debug\matriceadjacencevaluee.obj
c:\users\pierre vix\source\repos\capablanca4\gestion_graphe\gestion_graphe\gestion_graphe\debug\matriceadjacence.obj
c:\users\pierre vix\source\repos\capablanca4\gestion_graphe\gestion_graphe\gestion_graphe\debug\fsaps.obj
c:\users\pierre vix\source\repos\capablanca4\gestion_graphe\gestion_graphe\gestion_graphe\debug\distance.obj
c:\users\pierre vix\source\repos\capablanca4\gestion_graphe\gestion_graphe\gestion_graphe\debug\alea.obj
c:\users\pierre vix\source\repos\capablanca4\gestion_graphe\gestion_graphe\gestion_graphe\debug\main.obj
c:\users\pierre vix\source\repos\gestion_graphe\debug\gestion_graphe.ilk
c:\users\pierre vix\source\repos\gestion_graphe\debug\gestion_graphe.exe
c:\users\pierre vix\source\repos\gestion_graphe\debug\gestion_graphe.pdb
c:\users\pierre vix\source\repos\capablanca4\gestion_graphe\gestion_graphe\gestion_graphe\debug\graphe_algo.obj
c:\users\pierre vix\source\repos\capablanca4\gestion_graphe\gestion_graphe\gestion_graphe\debug\testfsaps.obj
c:\users\pierre vix\source\repos\capablanca4\gestion_graphe\gestion_graphe\gestion_graphe\debug\testmain.obj
c:\users\pierre vix\source\repos\capablanca4\gestion_graphe\gestion_graphe\gestion_graphe\debug\testmatriceadjacence.obj
c:\users\pierre vix\source\repos\capablanca4\gestion_graphe\gestion_graphe\debug\gestion_graphe.pdb
c:\users\pierre vix\source\repos\capablanca4\gestion_graphe\gestion_graphe\gestion_graphe\debug\gestion_graphe.tlog\cl.command.1.tlog
c:\users\pierre vix\source\repos\capablanca4\gestion_graphe\gestion_graphe\gestion_graphe\debug\gestion_graphe.tlog\cl.read.1.tlog
c:\users\pierre vix\source\repos\capablanca4\gestion_graphe\gestion_graphe\gestion_graphe\debug\gestion_graphe.tlog\cl.write.1.tlog
c:\users\pierre vix\source\repos\capablanca4\gestion_graphe\gestion_graphe\gestion_graphe\debug\gestion_graphe.tlog\link-cvtres.read.1.tlog
c:\users\pierre vix\source\repos\capablanca4\gestion_graphe\gestion_graphe\gestion_graphe\debug\gestion_graphe.tlog\link-cvtres.write.1.tlog
c:\users\pierre vix\source\repos\capablanca4\gestion_graphe\gestion_graphe\gestion_graphe\debug\gestion_graphe.tlog\link-rc.read.1.tlog
c:\users\pierre vix\source\repos\capablanca4\gestion_graphe\gestion_graphe\gestion_graphe\debug\gestion_graphe.tlog\link-rc.write.1.tlog
c:\users\pierre vix\source\repos\capablanca4\gestion_graphe\gestion_graphe\gestion_graphe\debug\gestion_graphe.tlog\link.6796-cvtres.read.1.tlog
c:\users\pierre vix\source\repos\capablanca4\gestion_graphe\gestion_graphe\gestion_graphe\debug\gestion_graphe.tlog\link.6796-cvtres.write.1.tlog
c:\users\pierre vix\source\repos\capablanca4\gestion_graphe\gestion_graphe\gestion_graphe\debug\gestion_graphe.tlog\link.6796-rc.read.1.tlog
c:\users\pierre vix\source\repos\capablanca4\gestion_graphe\gestion_graphe\gestion_graphe\debug\gestion_graphe.tlog\link.6796-rc.write.1.tlog
c:\users\pierre vix\source\repos\capablanca4\gestion_graphe\gestion_graphe\gestion_graphe\debug\gestion_graphe.tlog\link.6796.read.1.tlog
c:\users\pierre vix\source\repos\capablanca4\gestion_graphe\gestion_graphe\gestion_graphe\debug\gestion_graphe.tlog\link.6796.write.1.tlog
c:\users\pierre vix\source\repos\capablanca4\gestion_graphe\gestion_graphe\gestion_graphe\debug\gestion_graphe.tlog\link.command.1.tlog
c:\users\pierre vix\source\repos\capablanca4\gestion_graphe\gestion_graphe\gestion_graphe\debug\gestion_graphe.tlog\link.read.1.tlog
c:\users\pierre vix\source\repos\capablanca4\gestion_graphe\gestion_graphe\gestion_graphe\debug\gestion_graphe.tlog\link.write.1.tlog
